<?xml version="1.0" encoding="UTF-8"?>
<testsuite name="ResistorColorDuoTest" tests="5" skipped="0" failures="0" errors="0" timestamp="2020-02-05T05:50:56" hostname="GLATISANT" time="0.001">
  <properties/>
  <testcase name="testBrownAndBlack" classname="ResistorColorDuoTest" time="0.0"/>
  <testcase name="testBlueAndGrey" classname="ResistorColorDuoTest" time="0.0"/>
  <testcase name="testOrangeAndOrange" classname="ResistorColorDuoTest" time="0.0"/>
  <testcase name="testYellowAndViolet" classname="ResistorColorDuoTest" time="0.0"/>
  <testcase name="testIgnoreAdditionalColors" classname="ResistorColorDuoTest" time="0.0"/>
  <system-out><![CDATA[]]></system-out>
  <system-err><![CDATA[]]></system-err>
</testsuite>
